This is pdfTeX, Version 3.141592653-2.6-1.40.26 (TeX Live 2024) (preloaded format=pdflatex 2024.8.18)  10 JAN 2025 12:48
entering extended mode
 restricted \write18 enabled.
 %&-line parsing enabled.
**main.tex
(./main.tex
LaTeX2e <2023-11-01> patch level 1
L3 programming layer <2024-02-20>
(/usr/local/texlive/2024basic/texmf-dist/tex/latex/base/article.cls
Document Class: article 2023/05/17 v1.4n Standard LaTeX document class
(/usr/local/texlive/2024basic/texmf-dist/tex/latex/base/size12.clo
File: size12.clo 2023/05/17 v1.4n Standard LaTeX file (size option)
)
\c@part=\count188
\c@section=\count189
\c@subsection=\count190
\c@subsubsection=\count191
\c@paragraph=\count192
\c@subparagraph=\count193
\c@figure=\count194
\c@table=\count195
\abovecaptionskip=\skip48
\belowcaptionskip=\skip49
\bibindent=\dimen140
)
(/usr/local/texlive/2024basic/texmf-dist/tex/latex/base/inputenc.sty
Package: inputenc 2021/02/14 v1.3d Input encoding file
\inpenc@prehook=\toks17
\inpenc@posthook=\toks18
)
(/usr/local/texlive/2024basic/texmf-dist/tex/latex/base/fontenc.sty
Package: fontenc 2021/04/29 v2.0v Standard LaTeX package
)
(/usr/local/texlive/2024basic/texmf-dist/tex/latex/amsmath/amsmath.sty
Package: amsmath 2023/05/13 v2.17o AMS math features
\@mathmargin=\skip50

For additional information on amsmath, use the `?' option.
(/usr/local/texlive/2024basic/texmf-dist/tex/latex/amsmath/amstext.sty
Package: amstext 2021/08/26 v2.01 AMS text

(/usr/local/texlive/2024basic/texmf-dist/tex/latex/amsmath/amsgen.sty
File: amsgen.sty 1999/11/30 v2.0 generic functions
\@emptytoks=\toks19
\ex@=\dimen141
))
(/usr/local/texlive/2024basic/texmf-dist/tex/latex/amsmath/amsbsy.sty
Package: amsbsy 1999/11/29 v1.2d Bold Symbols
\pmbraise@=\dimen142
)
(/usr/local/texlive/2024basic/texmf-dist/tex/latex/amsmath/amsopn.sty
Package: amsopn 2022/04/08 v2.04 operator names
)
\inf@bad=\count196
LaTeX Info: Redefining \frac on input line 234.
\uproot@=\count197
\leftroot@=\count198
LaTeX Info: Redefining \overline on input line 399.
LaTeX Info: Redefining \colon on input line 410.
\classnum@=\count199
\DOTSCASE@=\count266
LaTeX Info: Redefining \ldots on input line 496.
LaTeX Info: Redefining \dots on input line 499.
LaTeX Info: Redefining \cdots on input line 620.
\Mathstrutbox@=\box51
\strutbox@=\box52
LaTeX Info: Redefining \big on input line 722.
LaTeX Info: Redefining \Big on input line 723.
LaTeX Info: Redefining \bigg on input line 724.
LaTeX Info: Redefining \Bigg on input line 725.
\big@size=\dimen143
LaTeX Font Info:    Redeclaring font encoding OML on input line 743.
LaTeX Font Info:    Redeclaring font encoding OMS on input line 744.
\macc@depth=\count267
LaTeX Info: Redefining \bmod on input line 905.
LaTeX Info: Redefining \pmod on input line 910.
LaTeX Info: Redefining \smash on input line 940.
LaTeX Info: Redefining \relbar on input line 970.
LaTeX Info: Redefining \Relbar on input line 971.
\c@MaxMatrixCols=\count268
\dotsspace@=\muskip16
\c@parentequation=\count269
\dspbrk@lvl=\count270
\tag@help=\toks20
\row@=\count271
\column@=\count272
\maxfields@=\count273
\andhelp@=\toks21
\eqnshift@=\dimen144
\alignsep@=\dimen145
\tagshift@=\dimen146
\tagwidth@=\dimen147
\totwidth@=\dimen148
\lineht@=\dimen149
\@envbody=\toks22
\multlinegap=\skip51
\multlinetaggap=\skip52
\mathdisplay@stack=\toks23
LaTeX Info: Redefining \[ on input line 2953.
LaTeX Info: Redefining \] on input line 2954.
)
(/usr/local/texlive/2024basic/texmf-dist/tex/latex/graphics/graphicx.sty
Package: graphicx 2021/09/16 v1.2d Enhanced LaTeX Graphics (DPC,SPQR)

(/usr/local/texlive/2024basic/texmf-dist/tex/latex/graphics/keyval.sty
Package: keyval 2022/05/29 v1.15 key=value parser (DPC)
\KV@toks@=\toks24
)
(/usr/local/texlive/2024basic/texmf-dist/tex/latex/graphics/graphics.sty
Package: graphics 2022/03/10 v1.4e Standard LaTeX Graphics (DPC,SPQR)

(/usr/local/texlive/2024basic/texmf-dist/tex/latex/graphics/trig.sty
Package: trig 2021/08/11 v1.11 sin cos tan (DPC)
)
(/usr/local/texlive/2024basic/texmf-dist/tex/latex/graphics-cfg/graphics.cfg
File: graphics.cfg 2016/06/04 v1.11 sample graphics configuration
)
Package graphics Info: Driver file: pdftex.def on input line 107.

(/usr/local/texlive/2024basic/texmf-dist/tex/latex/graphics-def/pdftex.def
File: pdftex.def 2022/09/22 v1.2b Graphics/color driver for pdftex
))
\Gin@req@height=\dimen150
\Gin@req@width=\dimen151
)
(/usr/local/texlive/2024basic/texmf-dist/tex/latex/booktabs/booktabs.sty
Package: booktabs 2020/01/12 v1.61803398 Publication quality tables
\heavyrulewidth=\dimen152
\lightrulewidth=\dimen153
\cmidrulewidth=\dimen154
\belowrulesep=\dimen155
\belowbottomsep=\dimen156
\aboverulesep=\dimen157
\abovetopsep=\dimen158
\cmidrulesep=\dimen159
\cmidrulekern=\dimen160
\defaultaddspace=\dimen161
\@cmidla=\count274
\@cmidlb=\count275
\@aboverulesep=\dimen162
\@belowrulesep=\dimen163
\@thisruleclass=\count276
\@lastruleclass=\count277
\@thisrulewidth=\dimen164
)
(/usr/local/texlive/2024basic/texmf-dist/tex/latex/hyperref/hyperref.sty
Package: hyperref 2024-01-20 v7.01h Hypertext links for LaTeX

(/usr/local/texlive/2024basic/texmf-dist/tex/generic/iftex/iftex.sty
Package: iftex 2022/02/03 v1.0f TeX engine tests
)
(/usr/local/texlive/2024basic/texmf-dist/tex/latex/kvsetkeys/kvsetkeys.sty
Package: kvsetkeys 2022-10-05 v1.19 Key value parser (HO)
)
(/usr/local/texlive/2024basic/texmf-dist/tex/generic/kvdefinekeys/kvdefinekeys.
sty
Package: kvdefinekeys 2019-12-19 v1.6 Define keys (HO)
)
(/usr/local/texlive/2024basic/texmf-dist/tex/generic/pdfescape/pdfescape.sty
Package: pdfescape 2019/12/09 v1.15 Implements pdfTeX's escape features (HO)

(/usr/local/texlive/2024basic/texmf-dist/tex/generic/ltxcmds/ltxcmds.sty
Package: ltxcmds 2023-12-04 v1.26 LaTeX kernel commands for general use (HO)
)
(/usr/local/texlive/2024basic/texmf-dist/tex/generic/pdftexcmds/pdftexcmds.sty
Package: pdftexcmds 2020-06-27 v0.33 Utility functions of pdfTeX for LuaTeX (HO
)

(/usr/local/texlive/2024basic/texmf-dist/tex/generic/infwarerr/infwarerr.sty
Package: infwarerr 2019/12/03 v1.5 Providing info/warning/error messages (HO)
)
Package pdftexcmds Info: \pdf@primitive is available.
Package pdftexcmds Info: \pdf@ifprimitive is available.
Package pdftexcmds Info: \pdfdraftmode found.
)) (/usr/local/texlive/2024basic/texmf-dist/tex/latex/hycolor/hycolor.sty
Package: hycolor 2020-01-27 v1.10 Color options for hyperref/bookmark (HO)
)
(/usr/local/texlive/2024basic/texmf-dist/tex/latex/auxhook/auxhook.sty
Package: auxhook 2019-12-17 v1.6 Hooks for auxiliary files (HO)
)
(/usr/local/texlive/2024basic/texmf-dist/tex/latex/hyperref/nameref.sty
Package: nameref 2023-11-26 v2.56 Cross-referencing by name of section

(/usr/local/texlive/2024basic/texmf-dist/tex/latex/refcount/refcount.sty
Package: refcount 2019/12/15 v3.6 Data extraction from label references (HO)
)
(/usr/local/texlive/2024basic/texmf-dist/tex/generic/gettitlestring/gettitlestr
ing.sty
Package: gettitlestring 2019/12/15 v1.6 Cleanup title references (HO)

(/usr/local/texlive/2024basic/texmf-dist/tex/latex/kvoptions/kvoptions.sty
Package: kvoptions 2022-06-15 v3.15 Key value format for package options (HO)
))
\c@section@level=\count278
)
(/usr/local/texlive/2024basic/texmf-dist/tex/latex/etoolbox/etoolbox.sty
Package: etoolbox 2020/10/05 v2.5k e-TeX tools for LaTeX (JAW)
\etb@tempcnta=\count279
)
\@linkdim=\dimen165
\Hy@linkcounter=\count280
\Hy@pagecounter=\count281

(/usr/local/texlive/2024basic/texmf-dist/tex/latex/hyperref/pd1enc.def
File: pd1enc.def 2024-01-20 v7.01h Hyperref: PDFDocEncoding definition (HO)
Now handling font encoding PD1 ...
... no UTF-8 mapping file for font encoding PD1
)
(/usr/local/texlive/2024basic/texmf-dist/tex/generic/intcalc/intcalc.sty
Package: intcalc 2019/12/15 v1.3 Expandable calculations with integers (HO)
)
\Hy@SavedSpaceFactor=\count282

(/usr/local/texlive/2024basic/texmf-dist/tex/latex/hyperref/puenc.def
File: puenc.def 2024-01-20 v7.01h Hyperref: PDF Unicode definition (HO)
Now handling font encoding PU ...
... no UTF-8 mapping file for font encoding PU
)
Package hyperref Info: Option `colorlinks' set `true' on input line 4062.
Package hyperref Info: Hyper figures OFF on input line 4179.
Package hyperref Info: Link nesting OFF on input line 4184.
Package hyperref Info: Hyper index ON on input line 4187.
Package hyperref Info: Plain pages OFF on input line 4194.
Package hyperref Info: Backreferencing OFF on input line 4199.
Package hyperref Info: Implicit mode ON; LaTeX internals redefined.
Package hyperref Info: Bookmarks ON on input line 4446.
\c@Hy@tempcnt=\count283

(/usr/local/texlive/2024basic/texmf-dist/tex/latex/url/url.sty
\Urlmuskip=\muskip17
Package: url 2013/09/16  ver 3.4  Verb mode for urls, etc.
)
LaTeX Info: Redefining \url on input line 4784.
\XeTeXLinkMargin=\dimen166

(/usr/local/texlive/2024basic/texmf-dist/tex/generic/bitset/bitset.sty
Package: bitset 2019/12/09 v1.3 Handle bit-vector datatype (HO)

(/usr/local/texlive/2024basic/texmf-dist/tex/generic/bigintcalc/bigintcalc.sty
Package: bigintcalc 2019/12/15 v1.5 Expandable calculations on big integers (HO
)
))
\Fld@menulength=\count284
\Field@Width=\dimen167
\Fld@charsize=\dimen168
Package hyperref Info: Hyper figures OFF on input line 6063.
Package hyperref Info: Link nesting OFF on input line 6068.
Package hyperref Info: Hyper index ON on input line 6071.
Package hyperref Info: backreferencing OFF on input line 6078.
Package hyperref Info: Link coloring ON on input line 6081.
Package hyperref Info: Link coloring with OCG OFF on input line 6088.
Package hyperref Info: PDF/A mode OFF on input line 6093.
 (/usr/local/texlive/2024basic/texmf-dist/tex/latex/base/atbegshi-ltx.sty
Package: atbegshi-ltx 2021/01/10 v1.0c Emulation of the original atbegshi
package with kernel methods
)
\Hy@abspage=\count285
\c@Item=\count286
\c@Hfootnote=\count287
)
Package hyperref Info: Driver (autodetected): hpdftex.

(/usr/local/texlive/2024basic/texmf-dist/tex/latex/hyperref/hpdftex.def
File: hpdftex.def 2024-01-20 v7.01h Hyperref driver for pdfTeX

(/usr/local/texlive/2024basic/texmf-dist/tex/latex/base/atveryend-ltx.sty
Package: atveryend-ltx 2020/08/19 v1.0a Emulation of the original atveryend pac
kage
with kernel methods
)
\Fld@listcount=\count288
\c@bookmark@seq@number=\count289

(/usr/local/texlive/2024basic/texmf-dist/tex/latex/rerunfilecheck/rerunfilechec
k.sty
Package: rerunfilecheck 2022-07-10 v1.10 Rerun checks for auxiliary files (HO)

(/usr/local/texlive/2024basic/texmf-dist/tex/generic/uniquecounter/uniquecounte
r.sty
Package: uniquecounter 2019/12/15 v1.4 Provide unlimited unique counter (HO)
)
Package uniquecounter Info: New unique counter `rerunfilecheck' on input line 2
85.
)
\Hy@SectionHShift=\skip53
) (/usr/local/texlive/2024basic/texmf-dist/tex/latex/natbib/natbib.sty
Package: natbib 2010/09/13 8.31b (PWD, AO)
\bibhang=\skip54
\bibsep=\skip55
LaTeX Info: Redefining \cite on input line 694.
\c@NAT@ctr=\count290
)
(/usr/local/texlive/2024basic/texmf-dist/tex/latex/siunitx/siunitx.sty
Package: siunitx 2024-12-06 v3.4.0 A comprehensive (SI) units package
\l__siunitx_number_uncert_offset_int=\count291
\l__siunitx_number_exponent_fixed_int=\count292
\l__siunitx_number_min_decimal_int=\count293
\l__siunitx_number_min_integer_int=\count294
\l__siunitx_number_round_precision_int=\count295
\l__siunitx_number_lower_threshold_int=\count296
\l__siunitx_number_upper_threshold_int=\count297
\l__siunitx_number_group_first_int=\count298
\l__siunitx_number_group_size_int=\count299
\l__siunitx_number_group_minimum_int=\count300
\l__siunitx_angle_tmp_dim=\dimen169
\l__siunitx_angle_marker_box=\box53
\l__siunitx_angle_unit_box=\box54
\l__siunitx_compound_count_int=\count301
\l__siunitx_table_tmp_box=\box55
\l__siunitx_table_tmp_dim=\dimen170
\l__siunitx_table_column_width_dim=\dimen171
\l__siunitx_table_integer_box=\box56
\l__siunitx_table_decimal_box=\box57
\l__siunitx_table_uncert_box=\box58
\l__siunitx_table_before_box=\box59
\l__siunitx_table_after_box=\box60
\l__siunitx_table_before_dim=\dimen172
\l__siunitx_table_carry_dim=\dimen173
\l__siunitx_unit_tmp_int=\count302
\l__siunitx_unit_position_int=\count303
\l__siunitx_unit_total_int=\count304

(/usr/local/texlive/2024basic/texmf-dist/tex/latex/tools/array.sty
Package: array 2023/10/16 v2.5g Tabular extension package (FMi)
\col@sep=\dimen174
\ar@mcellbox=\box61
\extrarowheight=\dimen175
\NC@list=\toks25
\extratabsurround=\skip56
\backup@length=\skip57
\ar@cellbox=\box62
))
(/usr/local/texlive/2024basic/texmf-dist/tex/latex/float/float.sty
Package: float 2001/11/08 v1.3d Float enhancements (AL)
\c@float@type=\count305
\float@exts=\toks26
\float@box=\box63
\@float@everytoks=\toks27
\@floatcapt=\box64
)
(/usr/local/texlive/2024basic/texmf-dist/tex/latex/caption/caption.sty
Package: caption 2023/08/05 v3.6o Customizing captions (AR)

(/usr/local/texlive/2024basic/texmf-dist/tex/latex/caption/caption3.sty
Package: caption3 2023/07/31 v2.4d caption3 kernel (AR)
\caption@tempdima=\dimen176
\captionmargin=\dimen177
\caption@leftmargin=\dimen178
\caption@rightmargin=\dimen179
\caption@width=\dimen180
\caption@indent=\dimen181
\caption@parindent=\dimen182
\caption@hangindent=\dimen183
Package caption Info: Standard document class detected.
)
\c@caption@flags=\count306
\c@continuedfloat=\count307
Package caption Info: float package is loaded.
Package caption Info: hyperref package is loaded.
)
(/usr/local/texlive/2024basic/texmf-dist/tex/latex/caption/subcaption.sty
Package: subcaption 2023/07/28 v1.6b Sub-captions (AR)
Package caption Info: New subtype `subfigure' on input line 238.
\c@subfigure=\count308
Package caption Info: New subtype `subtable' on input line 238.
\c@subtable=\count309
)
(/usr/local/texlive/2024basic/texmf-dist/tex/latex/multirow/multirow.sty
Package: multirow 2024/11/12 v2.9 Span multiple rows of a table
\multirow@colwidth=\skip58
\multirow@cntb=\count310
\multirow@dima=\skip59
\bigstrutjot=\dimen184
)
(/usr/local/texlive/2024basic/texmf-dist/tex/latex/adjustbox/adjustbox.sty
Package: adjustbox 2022/10/17 v1.3a Adjusting TeX boxes (trim, clip, ...)

(/usr/local/texlive/2024basic/texmf-dist/tex/latex/xkeyval/xkeyval.sty
Package: xkeyval 2022/06/16 v2.9 package option processing (HA)

(/usr/local/texlive/2024basic/texmf-dist/tex/generic/xkeyval/xkeyval.tex
(/usr/local/texlive/2024basic/texmf-dist/tex/generic/xkeyval/xkvutils.tex
\XKV@toks=\toks28
\XKV@tempa@toks=\toks29
)
\XKV@depth=\count311
File: xkeyval.tex 2014/12/03 v2.7a key=value parser (HA)
))
(/usr/local/texlive/2024basic/texmf-dist/tex/latex/adjustbox/adjcalc.sty
Package: adjcalc 2012/05/16 v1.1 Provides advanced setlength with multiple back
-ends (calc, etex, pgfmath)
)
(/usr/local/texlive/2024basic/texmf-dist/tex/latex/adjustbox/trimclip.sty
Package: trimclip 2020/08/19 v1.2 Trim and clip general TeX material

(/usr/local/texlive/2024basic/texmf-dist/tex/latex/collectbox/collectbox.sty
Package: collectbox 2022/10/17 v0.4c Collect macro arguments as boxes
\collectedbox=\box65
)
\tc@llx=\dimen185
\tc@lly=\dimen186
\tc@urx=\dimen187
\tc@ury=\dimen188
Package trimclip Info: Using driver 'tc-pdftex.def'.

(/usr/local/texlive/2024basic/texmf-dist/tex/latex/adjustbox/tc-pdftex.def
File: tc-pdftex.def 2019/01/04 v2.2 Clipping driver for pdftex
))
\adjbox@Width=\dimen189
\adjbox@Height=\dimen190
\adjbox@Depth=\dimen191
\adjbox@Totalheight=\dimen192
\adjbox@pwidth=\dimen193
\adjbox@pheight=\dimen194
\adjbox@pdepth=\dimen195
\adjbox@ptotalheight=\dimen196
)
(/usr/local/texlive/2024basic/texmf-dist/tex/latex/geometry/geometry.sty
Package: geometry 2020/01/02 v5.9 Page Geometry

(/usr/local/texlive/2024basic/texmf-dist/tex/generic/iftex/ifvtex.sty
Package: ifvtex 2019/10/25 v1.7 ifvtex legacy package. Use iftex instead.
)
\Gm@cnth=\count312
\Gm@cntv=\count313
\c@Gm@tempcnt=\count314
\Gm@bindingoffset=\dimen197
\Gm@wd@mp=\dimen198
\Gm@odd@mp=\dimen199
\Gm@even@mp=\dimen256
\Gm@layoutwidth=\dimen257
\Gm@layoutheight=\dimen258
\Gm@layouthoffset=\dimen259
\Gm@layoutvoffset=\dimen260
\Gm@dimlist=\toks30
)
(/usr/local/texlive/2024basic/texmf-dist/tex/latex/graphics/color.sty
Package: color 2022/01/06 v1.3d Standard LaTeX Color (DPC)

(/usr/local/texlive/2024basic/texmf-dist/tex/latex/graphics-cfg/color.cfg
File: color.cfg 2016/01/02 v1.6 sample color configuration
)
Package color Info: Driver file: pdftex.def on input line 149.

(/usr/local/texlive/2024basic/texmf-dist/tex/latex/graphics/mathcolor.ltx))
(/usr/local/texlive/2024basic/texmf-dist/tex/latex/l3backend/l3backend-pdftex.d
ef
File: l3backend-pdftex.def 2024-02-20 L3 backend support: PDF output (pdfTeX)
\l__color_backend_stack_int=\count315
\l__pdf_internal_box=\box66
) (./main.aux)
\openout1 = `main.aux'.

LaTeX Font Info:    Checking defaults for OML/cmm/m/it on input line 28.
LaTeX Font Info:    ... okay on input line 28.
LaTeX Font Info:    Checking defaults for OMS/cmsy/m/n on input line 28.
LaTeX Font Info:    ... okay on input line 28.
LaTeX Font Info:    Checking defaults for OT1/cmr/m/n on input line 28.
LaTeX Font Info:    ... okay on input line 28.
LaTeX Font Info:    Checking defaults for T1/cmr/m/n on input line 28.
LaTeX Font Info:    ... okay on input line 28.
LaTeX Font Info:    Checking defaults for TS1/cmr/m/n on input line 28.
LaTeX Font Info:    ... okay on input line 28.
LaTeX Font Info:    Checking defaults for OMX/cmex/m/n on input line 28.
LaTeX Font Info:    ... okay on input line 28.
LaTeX Font Info:    Checking defaults for U/cmr/m/n on input line 28.
LaTeX Font Info:    ... okay on input line 28.
LaTeX Font Info:    Checking defaults for PD1/pdf/m/n on input line 28.
LaTeX Font Info:    ... okay on input line 28.
LaTeX Font Info:    Checking defaults for PU/pdf/m/n on input line 28.
LaTeX Font Info:    ... okay on input line 28.

(/usr/local/texlive/2024basic/texmf-dist/tex/context/base/mkii/supp-pdf.mkii
[Loading MPS to PDF converter (version 2006.09.02).]
\scratchcounter=\count316
\scratchdimen=\dimen261
\scratchbox=\box67
\nofMPsegments=\count317
\nofMParguments=\count318
\everyMPshowfont=\toks31
\MPscratchCnt=\count319
\MPscratchDim=\dimen262
\MPnumerator=\count320
\makeMPintoPDFobject=\count321
\everyMPtoPDFconversion=\toks32
)
(/usr/local/texlive/2024basic/texmf-dist/tex/latex/epstopdf-pkg/epstopdf-base.s
ty
Package: epstopdf-base 2020-01-24 v2.11 Base part for package epstopdf
Package epstopdf-base Info: Redefining graphics rule for `.eps' on input line 4
85.

(/usr/local/texlive/2024basic/texmf-dist/tex/latex/latexconfig/epstopdf-sys.cfg
File: epstopdf-sys.cfg 2010/07/13 v1.3 Configuration of (r)epstopdf for TeX Liv
e
))
Package hyperref Info: Link coloring ON on input line 28.
 (./main.out) (./main.out)
\@outlinefile=\write3
\openout3 = `main.out'.

Package caption Info: Begin \AtBeginDocument code.
Package caption Info: End \AtBeginDocument code.

*geometry* driver: auto-detecting
*geometry* detected driver: pdftex
*geometry* verbose mode - [ preamble ] result:
* driver: pdftex
* paper: a4paper
* layout: <same size as paper>
* layoutoffset:(h,v)=(0.0pt,0.0pt)
* modes: 
* h-part:(L,W,R)=(71.13188pt, 455.24411pt, 71.13188pt)
* v-part:(T,H,B)=(71.13188pt, 702.78308pt, 71.13188pt)
* \paperwidth=597.50787pt
* \paperheight=845.04684pt
* \textwidth=455.24411pt
* \textheight=702.78308pt
* \oddsidemargin=-1.1381pt
* \evensidemargin=-1.1381pt
* \topmargin=-38.1381pt
* \headheight=12.0pt
* \headsep=25.0pt
* \topskip=12.0pt
* \footskip=30.0pt
* \marginparwidth=35.0pt
* \marginparsep=10.0pt
* \columnsep=10.0pt
* \skip\footins=10.8pt plus 4.0pt minus 2.0pt
* \hoffset=0.0pt
* \voffset=0.0pt
* \mag=1000
* \@twocolumnfalse
* \@twosidefalse
* \@mparswitchfalse
* \@reversemarginfalse
* (1in=72.27pt=25.4mm, 1cm=28.453pt)

(./sections/introduction.tex [1

{/usr/local/texlive/2024basic/texmf-var/fonts/map/pdftex/updmap/pdftex.map}] [2
]) (./sections/methodology.tex [3]
LaTeX Font Info:    Trying to load font information for T1+cmtt on input line 3
8.

(/usr/local/texlive/2024basic/texmf-dist/tex/latex/base/t1cmtt.fd
File: t1cmtt.fd 2023/04/13 v2.5m Standard LaTeX font definitions
))
(./sections/results.tex (./tables/interaction_effects.tex) [4]
<figures/finding2_correlation.png, id=187, 722.7pt x 433.62pt>
File: figures/finding2_correlation.png Graphic file (type png)
<use figures/finding2_correlation.png>
Package pdftex.def Info: figures/finding2_correlation.png  used on input line 4
4.
(pdftex.def)             Requested size: 364.19667pt x 218.51653pt.

(./tables/correlation_summary.tex)
<figures/performance_comparison.png, id=190, 715.11165pt x 426.393pt>
File: figures/performance_comparison.png Graphic file (type png)
<use figures/performance_comparison.png>
Package pdftex.def Info: figures/performance_comparison.png  used on input line
 67.
(pdftex.def)             Requested size: 364.19667pt x 217.15826pt.
 [5] [6 <./figures/finding2_correlation.png>]
<figures/finding5_interactions.png, id=208, 1084.05pt x 433.62pt>
File: figures/finding5_interactions.png Graphic file (type png)
<use figures/finding5_interactions.png>
Package pdftex.def Info: figures/finding5_interactions.png  used on input line 
89.
(pdftex.def)             Requested size: 364.19667pt x 145.67548pt.
) (./sections/discussion.tex [7 <./figures/performance_comparison.png>]
[8 <./figures/finding5_interactions.png>]) (./sections/conclusion.tex [9])
(./sections/appendix.tex [10]
Overfull \hbox (16.02773pt too wide) in paragraph at lines 38--39
[]\T1/cmr/m/n/12 Create un-cor-re-lated prin-ci-pal com-po-nents from the orig-
i-nal set of pre-dic-tors $\OML/cmm/m/it/12 X[]; [] ; X[]$\T1/cmr/m/n/12 . 
 []

) (./tables/overall_anova.tex
LaTeX Font Info:    Trying to load font information for TS1+cmtt on input line 
9.

(/usr/local/texlive/2024basic/texmf-dist/tex/latex/base/ts1cmtt.fd
File: ts1cmtt.fd 2023/04/13 v2.5m Standard LaTeX font definitions
))
(./tables/pls-vip_anova.tex) (./tables/rwa_anova.tex) [11]
(./tables/crosstab_J.tex) (./tables/crosstab_data_type.tex)
(./tables/crosstab_magnitude.tex) (./tables/crosstab_noise.tex)
(./tables/crosstab_rho.tex) [12] (./main.bbl) [13

] (./main.aux)
 ***********
LaTeX2e <2023-11-01> patch level 1
L3 programming layer <2024-02-20>
 ***********
Package rerunfilecheck Info: File `main.out' has not changed.
(rerunfilecheck)             Checksum: 5DF3E7A8B1BDDF066298174FDCB92E10;5296.
 ) 
Here is how much of TeX's memory you used:
 16120 strings out of 475567
 304305 string characters out of 5777889
 1943187 words of memory out of 5000000
 37957 multiletter control sequences out of 15000+600000
 574411 words of font info for 73 fonts, out of 8000000 for 9000
 319 hyphenation exceptions out of 8191
 75i,13n,80p,714b,1114s stack positions out of 10000i,1000n,20000p,200000b,200000s
 </Users/max/Library/texlive/2024basic/texmf-var/fonts/pk/ljfour/jknappen/ec/
ecti1200.600pk> </Users/max/Library/texlive/2024basic/texmf-var/fonts/pk/ljfour
/jknappen/ec/tctt1095.600pk> </Users/max/Library/texlive/2024basic/texmf-var/fo
nts/pk/ljfour/jknappen/ec/ectt1095.600pk> </Users/max/Library/texlive/2024basic
/texmf-var/fonts/pk/ljfour/jknappen/ec/ectt1200.600pk> </Users/max/Library/texl
ive/2024basic/texmf-var/fonts/pk/ljfour/jknappen/ec/tcrm1200.600pk> </Users/max
/Library/texlive/2024basic/texmf-var/fonts/pk/ljfour/jknappen/ec/ecrm1200.600pk
> </Users/max/Library/texlive/2024basic/texmf-var/fonts/pk/ljfour/jknappen/ec/e
cbx1200.600pk> </Users/max/Library/texlive/2024basic/texmf-var/fonts/pk/ljfour/
jknappen/ec/ecbx1440.600pk> </Users/max/Library/texlive/2024basic/texmf-var/fon
ts/pk/ljfour/jknappen/ec/ecbx1728.600pk> </Users/max/Library/texlive/2024basic/
texmf-var/fonts/pk/ljfour/jknappen/ec/ecrm1095.600pk> </Users/max/Library/texli
ve/2024basic/texmf-var/fonts/pk/ljfour/jknappen/ec/ecbx1095.600pk> </Users/max/
Library/texlive/2024basic/texmf-var/fonts/pk/ljfour/jknappen/ec/ecrm1440.600pk>
 </Users/max/Library/texlive/2024basic/texmf-var/fonts/pk/ljfour/jknappen/ec/ec
rm2074.600pk></usr/local/texlive/2024basic/texmf-dist/fonts/type1/public/amsfon
ts/cm/cmmi10.pfb></usr/local/texlive/2024basic/texmf-dist/fonts/type1/public/am
sfonts/cm/cmmi12.pfb></usr/local/texlive/2024basic/texmf-dist/fonts/type1/publi
c/amsfonts/cm/cmmi8.pfb></usr/local/texlive/2024basic/texmf-dist/fonts/type1/pu
blic/amsfonts/cm/cmr10.pfb></usr/local/texlive/2024basic/texmf-dist/fonts/type1
/public/amsfonts/cm/cmr12.pfb></usr/local/texlive/2024basic/texmf-dist/fonts/ty
pe1/public/amsfonts/cm/cmr8.pfb></usr/local/texlive/2024basic/texmf-dist/fonts/
type1/public/amsfonts/cm/cmsy10.pfb>
Output written on main.pdf (13 pages, 399594 bytes).
PDF statistics:
 804 PDF objects out of 1000 (max. 8388607)
 320 compressed objects within 4 object streams
 81 named destinations out of 1000 (max. 500000)
 272 words of extra memory for PDF output out of 10000 (max. 10000000)

